c:\users\user\documents\projets\adventofcode\adventofcode2023\days\x64\debug\days.pch
c:\users\user\documents\projets\adventofcode\adventofcode2023\x64\debug\days.pdb
c:\users\user\documents\projets\adventofcode\adventofcode2023\x64\debug\days.idb
c:\users\user\documents\projets\adventofcode\adventofcode2023\days\x64\debug\pch.obj
c:\users\user\documents\projets\adventofcode\adventofcode2023\days\x64\debug\days.obj
c:\users\user\documents\projets\adventofcode\adventofcode2023\days\x64\debug\day7.obj
c:\users\user\documents\projets\adventofcode\adventofcode2023\days\x64\debug\day6.obj
c:\users\user\documents\projets\adventofcode\adventofcode2023\days\x64\debug\day5.obj
c:\users\user\documents\projets\adventofcode\adventofcode2023\days\x64\debug\day4.obj
c:\users\user\documents\projets\adventofcode\adventofcode2023\days\x64\debug\day3.obj
c:\users\user\documents\projets\adventofcode\adventofcode2023\days\x64\debug\day2.obj
c:\users\user\documents\projets\adventofcode\adventofcode2023\days\x64\debug\day1.obj
c:\users\user\documents\projets\adventofcode\adventofcode2023\days\x64\debug\day.obj
c:\users\user\documents\projets\adventofcode\adventofcode2023\x64\debug\days.lib
c:\users\user\documents\projets\adventofcode\adventofcode2023\days\x64\debug\days.tlog\cl.command.1.tlog
c:\users\user\documents\projets\adventofcode\adventofcode2023\days\x64\debug\days.tlog\cl.items.tlog
c:\users\user\documents\projets\adventofcode\adventofcode2023\days\x64\debug\days.tlog\cl.read.1.tlog
c:\users\user\documents\projets\adventofcode\adventofcode2023\days\x64\debug\days.tlog\cl.write.1.tlog
c:\users\user\documents\projets\adventofcode\adventofcode2023\days\x64\debug\days.tlog\lib-link.read.1.tlog
c:\users\user\documents\projets\adventofcode\adventofcode2023\days\x64\debug\days.tlog\lib-link.write.1.tlog
c:\users\user\documents\projets\adventofcode\adventofcode2023\days\x64\debug\days.tlog\lib.command.1.tlog
